
ROM used:   3152/4096 (77%)
            3153/4096 (77%) including unused fragments

            2.2 Average locations per line
            5.6 Average locations per statement

RAM used:   66/256 (26%) at main() level
            114/256 (45%) worst case

Stack used: 1 worst case (0 in main + 1 for interrupts)
Stack size: 8

Lines Stmts  %   Files
----- ----- ---  -----
  733   457  82  P10.c
  508     0   0  ..\..\..\..\Program Files (x86)\PICC\Devices\16F648A.h
  142    67  12  ..\P10\P10 (26.02.2014)\Saat ve Derece\16x32\DS1307.c
   61    36   6  ..\P10\P10 (26.02.2014)\Saat ve Derece\16x32\1wire.c
----- -----
 1444   560 Total

Page ROM  %  RAM   Vol Diff  Functions:
---- --- --- ---   --- ----  ----------
0     20   1    1             @delay_ms1
0     17   1    1             @delay_us1
0     66   2    3             @I2C_READ_1
0     70   2    1             @I2C_WRITE_1
0    254   8    2   437  2.4  ds1307_init
 Inline         8   503  2.7  ds1307_set_date_time
 Inline         5   383  3.1  ds1307_get_date
 Inline         4   315  3.0  ds1307_get_time
0     19   1    3   240  6.0  bin2bcd
0     19   1    3   157  4.4  bcd2bin
0     27   1    1    86  1.3  onewire_reset
0     44   1    2   272  4.3  onewire_write
0     43   1    2   284  4.6  onewire_read
 Inline        13   496  3.4  ds1820_read
 Inline         2             @SITOF
0    204   6   14             @DIVFF
0      9   0    0    32  1.0  clock
0      9   0    0    32  1.0  latchEnable
 Inline         1   216  5.2  write274HC595
0     52   2    3   581  6.8  write274HC595
0    103   3    4  1295  6.9  write274HC595
0    385  12    4  4152  9.7  createNumber
0    223   7    0    76  1.8  getTime
0    359  11    5  2296  9.4  show
0     21   1    3             @DIV88
 Inline         4             @SFTOI
0     37   1    4             @DIVS88
0      8   0    0             @goto10995
1    281   9    3  2201  8.9  timer0_kesme
1      8   0    0             @goto11008
 Inline         5   138  2.3  setTime
 Inline         0   480  3.3  setNumbers
1     21   1    0    82  2.8  btnDelay
0      9   0    0    25  1.2  readSizeSettings
 Inline         0    25  1.2  writeSizeSettings
1    610  19    5  5799  8.0  readSetButton
1     37   1    2             @MUL88
1     15   0    0             @goto11143
1     70   2    2   359  5.1  readUpButton
1     63   2    0   318  2.8  MAIN
 Inline         0             @cinit1

Program metrics:
    Functions               27
    Statements              560
    Comments                204
    Volume (V)              33153
    Difficulty (D)          115.1
    Effort to implement (E) 3815470
    Time to implement (T)   58 hours, 53 minutes
    Est Delivered Bugs (B)  8
    Cyclomatic Complexity   86
    Maintainability (MI)    39

 Segment     Used  Free
-----------  ----  ----
00000-00003     4  0  
00004-00030    45  0  
00031-007FF  1998  1  
00800-00FFF  1105  943  



